Time of occurrence: 2025-05-28 10:27:02	For input string: "v"
Time of occurrence: 2025-05-28 10:27:03	For input string: "d"
Time of occurrence: 2025-05-28 10:45:06	For input string: ""
Time of occurrence: 2025-05-28 10:45:22	For input string: ""
Time of occurrence: 2025-05-28 10:45:23	For input string: "g"
Time of occurrence: 2025-05-28 10:45:24	For input string: "h"
Time of occurrence: 2025-05-28 10:45:28	For input string: ""
Time of occurrence: 2025-05-28 10:45:33	For input string: ""
Time of occurrence: 2025-05-28 10:45:34	For input string: ""
Time of occurrence: 2025-05-28 10:45:35	For input string: "g"
Time of occurrence: 2025-05-28 10:45:36	For input string: "b"
Time of occurrence: 2025-05-28 10:46:08	For input string: ""
Time of occurrence: 2025-05-28 10:46:09	For input string: "d"
Time of occurrence: 2025-05-28 10:46:10	For input string: "v"
Time of occurrence: 2025-05-28 11:18:48	For input string: "f"
Time of occurrence: 2025-05-28 11:18:49	For input string: "e"
Time of occurrence: 2025-05-28 11:18:50	For input string: "v"
Time of occurrence: 2025-05-28 11:18:55	For input string: ""
Time of occurrence: 2025-05-28 11:18:58	For input string: "k"
Time of occurrence: 2025-05-28 13:40:11	For input string: ""
Time of occurrence: 2025-05-28 13:43:17	For input string: ""
Time of occurrence: 2025-05-28 13:43:18	For input string: "s"
Time of occurrence: 2025-05-28 17:20:52	For input string: ""
